<?xml version="1.0" encoding="UTF-8"?>
<testng-results skipped="0" failed="0" ignored="0" total="0" passed="0">
  <reporter-output>
  </reporter-output>
  <suite name="Surefire suite" duration-ms="122484" started-at="2022-05-09T15:33:57 WET" finished-at="2022-05-09T15:35:59 WET">
    <groups>
    </groups>
    <test name="Surefire test" duration-ms="122484" started-at="2022-05-09T15:33:57 WET" finished-at="2022-05-09T15:35:59 WET">
    </test> <!-- Surefire test -->
  </suite> <!-- Surefire suite -->
</testng-results>
